LOADED GCC v12.2.0
LOADED paras v0.9
/home/ram/paras_demo_code/paras_cpu_codes/serial/serial_brutforce_nbody
Writing output to output.txt file
Writing output to output.txt file
Writing output to output.txt file
Writing output to output.txt file
Writing output to output.txt file
Writing output to output.txt file
Writing output to output.txt file
Writing output to output.txt file
Writing output to output.txt file
Writing output to output.txt file
Writing output to output.txt file
Writing output to output.txt file
Writing output to output.txt file
Writing output to output.txt file
Writing output to output.txt file
Writing output to output.txt file
Writing output to output.txt file
Writing output to output.txt file
Writing output to output.txt file
Writing output to output.txt file
Writing output to output.txt file
Writing output to output.txt file
Writing output to output.txt file
Writing output to output.txt file
Writing output to output.txt file
Writing output to output.txt file
Writing output to output.txt file
Writing output to output.txt file
Writing output to output.txt file
Writing output to output.txt file
Writing output to output.txt file
Writing output to output.txt file
Writing output to output.txt file
Writing output to output.txt file
Writing output to output.txt file
Writing output to output.txt file
Writing output to output.txt file
Writing output to output.txt file
Writing output to output.txt file
Writing output to output.txt file
Job finished in 26 seconds and 237 milliseconds
